<?xml version="1.0" encoding="UTF-8"?>
<testng-results ignored="0" total="1" passed="1" failed="0" skipped="0">
  <reporter-output>
  </reporter-output>
  <suite started-at="2023-08-17T21:31:16 IST" name="Default suite" finished-at="2023-08-17T21:31:33 IST" duration-ms="16802">
    <groups>
    </groups>
    <test started-at="2023-08-17T21:31:16 IST" name="Default test" finished-at="2023-08-17T21:31:33 IST" duration-ms="16802">
      <class name="selenium.AmazonBooksSection">
        <test-method signature="getBookDetails()[pri:0, instance:selenium.AmazonBooksSection@6e9175d8]" started-at="2023-08-17T21:31:16 IST" name="getBookDetails" finished-at="2023-08-17T21:31:33 IST" duration-ms="16751" status="PASS">
          <reporter-output>
          </reporter-output>
        </test-method> <!-- getBookDetails -->
      </class> <!-- selenium.AmazonBooksSection -->
    </test> <!-- Default test -->
  </suite> <!-- Default suite -->
</testng-results>
